<?xml version="1.0" encoding="UTF-8"?>
<!-- Generated by org.testng.reporters.JUnitXMLReporter -->
<testsuite ignored="0" hostname="DESKTOP-Q528KKC" failures="0" tests="6" name="Default test" time="21.58" errors="0" timestamp="2023-08-17T18:58:51 IST">
  <testcase classname="api.test.DatadrivenTest" name="testPostUser" time="7.435"/>
  <testcase classname="api.test.DatadrivenTest" name="testPostUser" time="2.082"/>
  <testcase classname="api.test.DatadrivenTest" name="testPostUser" time="2.34"/>
  <testcase classname="api.test.DatadrivenTest" name="testDeleteUserByName" time="2.595"/>
  <testcase classname="api.test.DatadrivenTest" name="testDeleteUserByName" time="2.74"/>
  <testcase classname="api.test.DatadrivenTest" name="testDeleteUserByName" time="2.045"/>
</testsuite> <!-- Default test -->
