<?xml version="1.0" encoding="UTF-8"?>
<testng-results ignored="0" total="4" passed="4" failed="0" skipped="0">
  <reporter-output>
  </reporter-output>
  <suite started-at="2023-08-18T02:39:59 IST" name="PetSuite" finished-at="2023-08-18T02:40:22 IST" duration-ms="22766">
    <groups>
    </groups>
    <test started-at="2023-08-18T02:39:59 IST" name="PetTest" finished-at="2023-08-18T02:40:22 IST" duration-ms="22766">
      <class name="api.test.UserTestFromProperties">
        <test-method is-config="true" signature="setUp()[pri:0, instance:api.test.UserTestFromProperties@35ef1869]" started-at="2023-08-18T02:40:00 IST" name="setUp" finished-at="2023-08-18T02:40:01 IST" duration-ms="1382" status="PASS">
          <reporter-output>
          </reporter-output>
        </test-method> <!-- setUp -->
        <test-method signature="testPostUser()[pri:1, instance:api.test.UserTestFromProperties@35ef1869]" started-at="2023-08-18T02:40:01 IST" name="testPostUser" finished-at="2023-08-18T02:40:08 IST" duration-ms="6837" status="PASS">
          <reporter-output>
          </reporter-output>
        </test-method> <!-- testPostUser -->
        <test-method signature="testGetUserByName()[pri:2, instance:api.test.UserTestFromProperties@35ef1869]" started-at="2023-08-18T02:40:08 IST" name="testGetUserByName" finished-at="2023-08-18T02:40:12 IST" duration-ms="4059" status="PASS">
          <reporter-output>
          </reporter-output>
        </test-method> <!-- testGetUserByName -->
        <test-method signature="testUpdateUserByName()[pri:3, instance:api.test.UserTestFromProperties@35ef1869]" started-at="2023-08-18T02:40:12 IST" name="testUpdateUserByName" finished-at="2023-08-18T02:40:18 IST" duration-ms="6342" status="PASS">
          <reporter-output>
          </reporter-output>
        </test-method> <!-- testUpdateUserByName -->
        <test-method signature="testDeleteUserByName()[pri:4, instance:api.test.UserTestFromProperties@35ef1869]" started-at="2023-08-18T02:40:18 IST" name="testDeleteUserByName" finished-at="2023-08-18T02:40:22 IST" duration-ms="3568" status="PASS">
          <reporter-output>
          </reporter-output>
        </test-method> <!-- testDeleteUserByName -->
      </class> <!-- api.test.UserTestFromProperties -->
    </test> <!-- PetTest -->
  </suite> <!-- PetSuite -->
</testng-results>
