<?xml version="1.0" encoding="UTF-8"?>
<!-- Generated by org.testng.reporters.JUnitXMLReporter -->
<testsuite ignored="0" hostname="DESKTOP-Q528KKC" failures="0" tests="4" name="PetTest" time="22.766" errors="0" timestamp="2023-08-18T02:40:22 IST">
  <testcase classname="api.test.UserTestFromProperties" name="testPostUser" time="6.837"/>
  <testcase classname="api.test.UserTestFromProperties" name="testGetUserByName" time="4.059"/>
  <testcase classname="api.test.UserTestFromProperties" name="testUpdateUserByName" time="6.342"/>
  <testcase classname="api.test.UserTestFromProperties" name="testDeleteUserByName" time="3.568"/>
</testsuite> <!-- PetTest -->
