<?xml version="1.0" encoding="UTF-8"?>
<!-- Generated by org.testng.reporters.JUnitXMLReporter -->
<testsuite ignored="0" hostname="DESKTOP-Q528KKC" failures="0" tests="4" name="PetTest" time="15.768" errors="0" timestamp="2023-08-18T01:45:36 IST">
  <testcase classname="api.test.UserTestFromProperties" name="testPostUser" time="5.589"/>
  <testcase classname="api.test.UserTestFromProperties" name="testGetUserByName" time="2.355"/>
  <testcase classname="api.test.UserTestFromProperties" name="testUpdateUserByName" time="3.748"/>
  <testcase classname="api.test.UserTestFromProperties" name="testDeleteUserByName" time="2.236"/>
</testsuite> <!-- PetTest -->
